[12:39:37] [main/INFO]: Setting user: Player415
[12:39:38] [Client thread/INFO]: LWJGL Version: 2.9.1
[12:39:48] [Client thread/INFO]: Reloading ResourceManager: Default, FMLFileResourcePack:Forge Mod Loader, FMLFileResourcePack:Minecraft Forge, FMLFileResourcePack:LuaCraft
[12:39:49] [Sound Library Loader/INFO]: Sound engine started
[12:39:50] [Client thread/INFO]: Created: 16x16 textures/blocks-atlas
[12:39:50] [Client thread/INFO]: Created: 16x16 textures/items-atlas
[12:39:50] [Client thread/INFO]: Reloading ResourceManager: Default, FMLFileResourcePack:Forge Mod Loader, FMLFileResourcePack:Minecraft Forge, FMLFileResourcePack:LuaCraft
[12:39:50] [Client thread/INFO]: Created: 512x256 textures/blocks-atlas
[12:39:50] [Client thread/INFO]: Created: 256x256 textures/items-atlas
[12:39:51] [Sound Library Loader/INFO]: Sound engine started
[12:39:53] [Server thread/INFO]: Starting integrated minecraft server version 1.7.10
[12:39:53] [Server thread/INFO]: Generating keypair
[12:39:54] [Server thread/INFO]: Preparing start region for level 0
[12:39:55] [Server thread/INFO]: Changing view distance to 12, from 10
[12:39:55] [Server thread/INFO]: Player415[local:E:252fbb56] logged in with entity id 47 at (164.1008851909775, 102.0, -151.70885275664298)
[12:39:55] [Server thread/INFO]: Player415 joined the game
[12:40:00] [Server thread/INFO]: Player415 has just earned the achievement [Taking Inventory]
[12:40:00] [Client thread/INFO]: [CHAT] Player415 has just earned the achievement [Taking Inventory]
[12:40:20] [Server thread/INFO]: Saving and pausing game...
[12:40:20] [Server thread/INFO]: Saving chunks for level 'Test123'/Overworld
[12:40:20] [Server thread/INFO]: Saving chunks for level 'Test123'/Nether
[12:40:20] [Server thread/INFO]: Saving chunks for level 'Test123'/The End
[12:40:23] [Server thread/INFO]: Saving and pausing game...
[12:40:23] [Server thread/INFO]: Saving chunks for level 'Test123'/Overworld
[12:40:23] [Server thread/INFO]: Saving chunks for level 'Test123'/Nether
[12:40:23] [Server thread/INFO]: Saving chunks for level 'Test123'/The End
[12:40:37] [Server thread/INFO]: Saving and pausing game...
[12:40:37] [Server thread/INFO]: Saving chunks for level 'Test123'/Overworld
[12:40:37] [Server thread/INFO]: Saving chunks for level 'Test123'/Nether
[12:40:37] [Server thread/INFO]: Saving chunks for level 'Test123'/The End
[12:40:39] [Server thread/INFO]: Saving and pausing game...
[12:40:39] [Server thread/INFO]: Saving chunks for level 'Test123'/Overworld
[12:40:39] [Server thread/INFO]: Saving chunks for level 'Test123'/Nether
[12:40:39] [Server thread/INFO]: Saving chunks for level 'Test123'/The End
[12:40:49] [Server thread/INFO]: Saving and pausing game...
[12:40:49] [Server thread/INFO]: Saving chunks for level 'Test123'/Overworld
[12:40:49] [Server thread/INFO]: Saving chunks for level 'Test123'/Nether
[12:40:49] [Server thread/INFO]: Saving chunks for level 'Test123'/The End
[12:41:09] [Server thread/INFO]: Saving and pausing game...
[12:41:09] [Server thread/INFO]: Saving chunks for level 'Test123'/Overworld
[12:41:09] [Server thread/INFO]: Saving chunks for level 'Test123'/Nether
[12:41:09] [Server thread/INFO]: Saving chunks for level 'Test123'/The End
[12:41:21] [Server thread/INFO]: Saving and pausing game...
[12:41:21] [Server thread/INFO]: Saving chunks for level 'Test123'/Overworld
[12:41:21] [Server thread/INFO]: Saving chunks for level 'Test123'/Nether
[12:41:21] [Server thread/INFO]: Saving chunks for level 'Test123'/The End
[12:41:27] [Server thread/INFO]: Saving and pausing game...
[12:41:27] [Server thread/INFO]: Saving chunks for level 'Test123'/Overworld
[12:41:27] [Server thread/INFO]: Saving chunks for level 'Test123'/Nether
[12:41:27] [Server thread/INFO]: Saving chunks for level 'Test123'/The End
[12:41:37] [Server thread/INFO]: Saving and pausing game...
[12:41:37] [Server thread/INFO]: Saving chunks for level 'Test123'/Overworld
[12:41:37] [Server thread/INFO]: Saving chunks for level 'Test123'/Nether
[12:41:37] [Server thread/INFO]: Saving chunks for level 'Test123'/The End
[12:42:03] [Server thread/INFO]: Saving and pausing game...
[12:42:03] [Server thread/INFO]: Saving chunks for level 'Test123'/Overworld
[12:42:03] [Server thread/INFO]: Saving chunks for level 'Test123'/Nether
[12:42:03] [Server thread/INFO]: Saving chunks for level 'Test123'/The End
[12:42:46] [Server thread/INFO]: Saving and pausing game...
[12:42:46] [Server thread/INFO]: Saving chunks for level 'Test123'/Overworld
[12:42:46] [Server thread/INFO]: Saving chunks for level 'Test123'/Nether
[12:42:46] [Server thread/INFO]: Saving chunks for level 'Test123'/The End
[12:42:57] [Server thread/INFO]: Saving and pausing game...
[12:42:57] [Server thread/INFO]: Saving chunks for level 'Test123'/Overworld
[12:42:57] [Server thread/INFO]: Saving chunks for level 'Test123'/Nether
[12:42:57] [Server thread/INFO]: Saving chunks for level 'Test123'/The End
[12:43:18] [Server thread/INFO]: Saving and pausing game...
[12:43:18] [Server thread/INFO]: Saving chunks for level 'Test123'/Overworld
[12:43:18] [Server thread/INFO]: Saving chunks for level 'Test123'/Nether
[12:43:18] [Server thread/INFO]: Saving chunks for level 'Test123'/The End
[12:43:39] [Server thread/INFO]: Saving and pausing game...
[12:43:39] [Server thread/INFO]: Saving chunks for level 'Test123'/Overworld
[12:43:39] [Server thread/INFO]: Saving chunks for level 'Test123'/Nether
[12:43:39] [Server thread/INFO]: Saving chunks for level 'Test123'/The End
[12:43:56] [Server thread/INFO]: Saving and pausing game...
[12:43:56] [Server thread/INFO]: Saving chunks for level 'Test123'/Overworld
[12:43:56] [Server thread/INFO]: Saving chunks for level 'Test123'/Nether
[12:43:56] [Server thread/INFO]: Saving chunks for level 'Test123'/The End
[12:44:39] [Server thread/INFO]: Saving and pausing game...
[12:44:39] [Server thread/INFO]: Saving chunks for level 'Test123'/Overworld
[12:44:39] [Server thread/INFO]: Saving chunks for level 'Test123'/Nether
[12:44:39] [Server thread/INFO]: Saving chunks for level 'Test123'/The End
